<?xml version="1.0" encoding="UTF-8"?>
<!-- Generated by org.testng.reporters.JUnitReportReporter -->
<testsuite hostname="DESKTOP-44PTID5" failures="0" tests="1" name="api.test.Tests" time="3.224" errors="0" timestamp="2024-09-19T09:54:19 IST" skipped="0">
  <testcase classname="api.test.Tests" name="getUSers" time="3.224"/>
  <system-out/>
</testsuite> <!-- api.test.Tests -->
