<?xml version="1.0" encoding="UTF-8"?>
<!-- Generated by org.testng.reporters.JUnitReportReporter -->
<testsuite hostname="DESKTOP-44PTID5" failures="0" tests="1" name="RestMethodsResponseValidations" time="14.201" errors="0" timestamp="2024-08-21T09:39:51 IST" skipped="0">
  <testcase classname="RestMethodsResponseValidations" name="getMethodValidation" time="14.201"/>
  <system-out/>
</testsuite> <!-- RestMethodsResponseValidations -->
