<?xml version="1.0" encoding="UTF-8"?>
<!-- Generated by org.testng.reporters.JUnitReportReporter -->
<testsuite hostname="DESKTOP-44PTID5" failures="0" tests="1" name="RestMethods" time="2.534" errors="0" timestamp="2024-08-07T10:17:26 IST" skipped="0">
  <testcase classname="RestMethods" name="postMethodValidation" time="2.534"/>
  <system-out/>
</testsuite> <!-- RestMethods -->
