<?xml version="1.0" encoding="UTF-8"?>
<!-- Generated by org.testng.reporters.JUnitReportReporter -->
<testsuite hostname="DESKTOP-44PTID5" failures="0" tests="1" name="RestMethodsSchemaValidations" time="2.903" errors="0" timestamp="2024-08-23T14:04:05 IST" skipped="0">
  <testcase classname="RestMethodsSchemaValidations" name="postMethodValidation" time="2.903"/>
  <system-out/>
</testsuite> <!-- RestMethodsSchemaValidations -->
